Config file /scratch/users/ohickl/binning/tools/binny_devel/config/config.default.yaml is extended by additional config specified via the command line.
Building DAG of jobs...
unlocking
removing lock
removing lock
removed all locks
database
Setting up Mantis with the CheckM databases
SSI index file database/hmms/checkm_tf/checkm_filtered_tf.hmm.h3i already exists;
Delete old hmmpress indices first
SSI index file database/hmms/checkm_pf/checkm_filtered_pf.hmm.h3i already exists;
Delete old hmmpress indices first
		######################################################################################################################################
		################# Could not start Mantis! Make sure you have all the required packages within your conda environment #################
		######################################################################################################################################
		################## Read the setup instructions @ https://github.com/PedroMTQ/mantis/wiki/Configuration#installation ##################
		######################################################################################################################################

		######################################################################################################################################
		################# Could not start Mantis! Make sure you have all the required packages within your conda environment #################
		######################################################################################################################################
		################## Read the setup instructions @ https://github.com/PedroMTQ/mantis/wiki/Configuration#installation ##################
		######################################################################################################################################

Done.
